Arguments: 
  /usr/local/bin/node /usr/local/Cellar/yarn/1.22.18/libexec/bin/yarn.js add express

PATH: 
  /usr/local/opt/openjdk@8/bin:“/usr/local/opt/openjdk@8/bin:/usr/local/bin:/usr/bin:/bin:/usr/sbin:/sbin:/Library/Apple/usr/bin:/Users/alexlee/Library/Android/sdk/platform-tools:/usr/local/opt/openjdk@8/bin:“/usr/local/opt/openjdk@8/bin:/Users/alexlee/.cargo/bin:/Users/alexlee/Library/Android/sdk/platform-tools”:/Users/alexlee/Library/Android/sdk/emulator:/Users/alexlee/Library/Android/sdk/tools:/Users/alexlee/Library/Android/sdk/tools/bin”:/Users/alexlee/Library/Android/sdk/emulator:/Users/alexlee/Library/Android/sdk/tools:/Users/alexlee/Library/Android/sdk/tools/bin

Yarn version: 
  1.22.18

Node version: 
  14.17.0

Platform: 
  darwin x64

Trace: 
  SyntaxError: /Users/alexlee/Desktop/code/fitness-app/backend/package.json: Unexpected end of JSON input
      at JSON.parse (<anonymous>)
      at /usr/local/Cellar/yarn/1.22.18/libexec/lib/cli.js:1625:59
      at Generator.next (<anonymous>)
      at step (/usr/local/Cellar/yarn/1.22.18/libexec/lib/cli.js:310:30)
      at /usr/local/Cellar/yarn/1.22.18/libexec/lib/cli.js:321:13

npm manifest: 
  

yarn manifest: 
  No manifest

Lockfile: 
  No lockfile
